# JRE version: Java(TM) SE Runtime Environment (8.0_05-b13) (build 1.8.0_05-b13)
# Java VM: Java HotSpot(TM) 64-Bit Server VM (25.5-b02 mixed mode windows-amd64 compressed oops)
Heap:
 PSYoungGen      total 7680K, used 2434K [0x000000076b380000, 0x000000076bf80000, 0x00000007c0000000)
  eden space 6144K, 15% used [0x000000076b380000,0x000000076b467ae8,0x000000076b980000)
  from space 1536K, 98% used [0x000000076bc00000,0x000000076bd79040,0x000000076bd80000)
  to   space 2560K, 0% used [0x000000076b980000,0x000000076b980000,0x000000076bc00000)
 ParOldGen       total 260608K, used 29681K [0x00000006c1a00000, 0x00000006d1880000, 0x000000076b380000)
  object space 260608K, 11% used [0x00000006c1a00000,0x00000006c36fc588,0x00000006d1880000)
 Metaspace       used 9135K, capacity 9268K, committed 9344K, reserved 1056768K
  class space    used 1063K, capacity 1113K, committed 1152K, reserved 1048576K
GC Heap History (10 events):
Event: 0.203 GC heap before
{Heap before GC invocations=4 (full 0):
 PSYoungGen      total 1536K, used 1504K [0x000000076b380000, 0x000000076b680000, 0x00000007c0000000)
  eden space 1024K, 100% used [0x000000076b380000,0x000000076b480000,0x000000076b480000)
  from space 512K, 93% used [0x000000076b480000,0x000000076b4f8020,0x000000076b500000)
  to   space 512K, 0% used [0x000000076b600000,0x000000076b600000,0x000000076b680000)
 ParOldGen       total 260608K, used 420K [0x00000006c1a00000, 0x00000006d1880000, 0x000000076b380000)
  object space 260608K, 0% used [0x00000006c1a00000,0x00000006c1a69040,0x00000006d1880000)
 Metaspace       used 6863K, capacity 6976K, committed 7040K, reserved 1056768K
  class space    used 839K, capacity 884K, committed 896K, reserved 1048576K
Event: 0.204 GC heap after
Heap after GC invocations=4 (full 0):
 PSYoungGen      total 2560K, used 512K [0x000000076b380000, 0x000000076b680000, 0x00000007c0000000)
  eden space 2048K, 0% used [0x000000076b380000,0x000000076b380000,0x000000076b580000)
  from space 512K, 100% used [0x000000076b600000,0x000000076b680000,0x000000076b680000)
  to   space 512K, 0% used [0x000000076b580000,0x000000076b580000,0x000000076b600000)
 ParOldGen       total 260608K, used 684K [0x00000006c1a00000, 0x00000006d1880000, 0x000000076b380000)
  object space 260608K, 0% used [0x00000006c1a00000,0x00000006c1aab060,0x00000006d1880000)
 Metaspace       used 6863K, capacity 6976K, committed 7040K, reserved 1056768K
  class space    used 839K, capacity 884K, committed 896K, reserved 1048576K
}
Event: 0.274 GC heap before
{Heap before GC invocations=5 (full 0):
 PSYoungGen      total 2560K, used 2522K [0x000000076b380000, 0x000000076b680000, 0x00000007c0000000)
  eden space 2048K, 98% used [0x000000076b380000,0x000000076b576a58,0x000000076b580000)
  from space 512K, 100% used [0x000000076b600000,0x000000076b680000,0x000000076b680000)
  to   space 512K, 0% used [0x000000076b580000,0x000000076b580000,0x000000076b600000)
 ParOldGen       total 260608K, used 684K [0x00000006c1a00000, 0x00000006d1880000, 0x000000076b380000)
  object space 260608K, 0% used [0x00000006c1a00000,0x00000006c1aab060,0x00000006d1880000)
 Metaspace       used 8164K, capacity 8300K, committed 8576K, reserved 1056768K
  class space    used 1000K, capacity 1047K, committed 1152K, reserved 1048576K
Event: 0.275 GC heap after
Heap after GC invocations=5 (full 0):
 PSYoungGen      total 2560K, used 491K [0x000000076b380000, 0x000000076b980000, 0x00000007c0000000)
  eden space 2048K, 0% used [0x000000076b380000,0x000000076b380000,0x000000076b580000)
  from space 512K, 96% used [0x000000076b580000,0x000000076b5faf60,0x000000076b600000)
  to   space 1024K, 0% used [0x000000076b880000,0x000000076b880000,0x000000076b980000)
 ParOldGen       total 260608K, used 1044K [0x00000006c1a00000, 0x00000006d1880000, 0x000000076b380000)
  object space 260608K, 0% used [0x00000006c1a00000,0x00000006c1b05090,0x00000006d1880000)
 Metaspace       used 8164K, capacity 8300K, committed 8576K, reserved 1056768K
  class space    used 1000K, capacity 1047K, committed 1152K, reserved 1048576K
}
Event: 0.307 GC heap before
{Heap before GC invocations=6 (full 0):
 PSYoungGen      total 2560K, used 2539K [0x000000076b380000, 0x000000076b980000, 0x00000007c0000000)
  eden space 2048K, 100% used [0x000000076b380000,0x000000076b580000,0x000000076b580000)
  from space 512K, 96% used [0x000000076b580000,0x000000076b5faf60,0x000000076b600000)
  to   space 1024K, 0% used [0x000000076b880000,0x000000076b880000,0x000000076b980000)
 ParOldGen       total 260608K, used 1044K [0x00000006c1a00000, 0x00000006d1880000, 0x000000076b380000)
  object space 260608K, 0% used [0x00000006c1a00000,0x00000006c1b05090,0x00000006d1880000)
 Metaspace       used 8897K, capacity 9044K, committed 9344K, reserved 1056768K
  class space    used 1032K, capacity 1081K, committed 1152K, reserved 1048576K
Event: 0.308 GC heap after
Heap after GC invocations=6 (full 0):
 PSYoungGen      total 4608K, used 1011K [0x000000076b380000, 0x000000076ba80000, 0x00000007c0000000)
  eden space 3584K, 0% used [0x000000076b380000,0x000000076b380000,0x000000076b700000)
  from space 1024K, 98% used [0x000000076b880000,0x000000076b97cf20,0x000000076b980000)
  to   space 1536K, 0% used [0x000000076b700000,0x000000076b700000,0x000000076b880000)
 ParOldGen       total 260608K, used 1076K [0x00000006c1a00000, 0x00000006d1880000, 0x000000076b380000)
  object space 260608K, 0% used [0x00000006c1a00000,0x00000006c1b0d0d8,0x00000006d1880000)
 Metaspace       used 8897K, capacity 9044K, committed 9344K, reserved 1056768K
  class space    used 1032K, capacity 1081K, committed 1152K, reserved 1048576K
}
Event: 0.352 GC heap before
{Heap before GC invocations=7 (full 0):
 PSYoungGen      total 4608K, used 4553K [0x000000076b380000, 0x000000076ba80000, 0x00000007c0000000)
  eden space 3584K, 98% used [0x000000076b380000,0x000000076b6f5618,0x000000076b700000)
  from space 1024K, 98% used [0x000000076b880000,0x000000076b97cf20,0x000000076b980000)
  to   space 1536K, 0% used [0x000000076b700000,0x000000076b700000,0x000000076b880000)
 ParOldGen       total 260608K, used 19301K [0x00000006c1a00000, 0x00000006d1880000, 0x000000076b380000)
  object space 260608K, 7% used [0x00000006c1a00000,0x00000006c2cd9508,0x00000006d1880000)
 Metaspace       used 9131K, capacity 9268K, committed 9344K, reserved 1056768K
  class space    used 1063K, capacity 1113K, committed 1152K, reserved 1048576K
Event: 0.355 GC heap after
Heap after GC invocations=7 (full 0):
 PSYoungGen      total 5120K, used 704K [0x000000076b380000, 0x000000076bd80000, 0x00000007c0000000)
  eden space 3584K, 0% used [0x000000076b380000,0x000000076b380000,0x000000076b700000)
  from space 1536K, 45% used [0x000000076b700000,0x000000076b7b0000,0x000000076b880000)
  to   space 1536K, 0% used [0x000000076bc00000,0x000000076bc00000,0x000000076bd80000)
 ParOldGen       total 260608K, used 27585K [0x00000006c1a00000, 0x00000006d1880000, 0x000000076b380000)
  object space 260608K, 10% used [0x00000006c1a00000,0x00000006c34f0548,0x00000006d1880000)
 Metaspace       used 9131K, capacity 9268K, committed 9344K, reserved 1056768K
  class space    used 1063K, capacity 1113K, committed 1152K, reserved 1048576K
}
Event: 0.356 GC heap before
{Heap before GC invocations=8 (full 0):
 PSYoungGen      total 5120K, used 3682K [0x000000076b380000, 0x000000076bd80000, 0x00000007c0000000)
  eden space 3584K, 83% used [0x000000076b380000,0x000000076b668800,0x000000076b700000)
  from space 1536K, 45% used [0x000000076b700000,0x000000076b7b0000,0x000000076b880000)
  to   space 1536K, 0% used [0x000000076bc00000,0x000000076bc00000,0x000000076bd80000)
 ParOldGen       total 260608K, used 27585K [0x00000006c1a00000, 0x00000006d1880000, 0x000000076b380000)
  object space 260608K, 10% used [0x00000006c1a00000,0x00000006c34f0548,0x00000006d1880000)
 Metaspace       used 9131K, capacity 9268K, committed 9344K, reserved 1056768K
  class space    used 1063K, capacity 1113K, committed 1152K, reserved 1048576K
Event: 0.357 GC heap after
Heap after GC invocations=8 (full 0):
 PSYoungGen      total 7680K, used 1508K [0x000000076b380000, 0x000000076bf80000, 0x00000007c0000000)
  eden space 6144K, 0% used [0x000000076b380000,0x000000076b380000,0x000000076b980000)
  from space 1536K, 98% used [0x000000076bc00000,0x000000076bd79040,0x000000076bd80000)
  to   space 2560K, 0% used [0x000000076b980000,0x000000076b980000,0x000000076bc00000)
 ParOldGen       total 260608K, used 29681K [0x00000006c1a00000, 0x00000006d1880000, 0x000000076b380000)
  object space 260608K, 11% used [0x00000006c1a00000,0x00000006c36fc588,0x00000006d1880000)
 Metaspace       used 9131K, capacity 9268K, committed 9344K, reserved 1056768K
  class space    used 1063K, capacity 1113K, committed 1152K, reserved 1048576K
}

