# JRE version: Java(TM) SE Runtime Environment (8.0_05-b13) (build 1.8.0_05-b13)
# Java VM: Java HotSpot(TM) 64-Bit Server VM (25.5-b02 mixed mode windows-amd64 compressed oops)
Heap:
 PSYoungGen      total 8704K, used 2331K [0x000000076b380000, 0x000000076bd80000, 0x00000007c0000000)
  eden space 7168K, 13% used [0x000000076b380000,0x000000076b46ae20,0x000000076ba80000)
  from space 1536K, 90% used [0x000000076bc00000,0x000000076bd5c030,0x000000076bd80000)
  to   space 1536K, 0% used [0x000000076ba80000,0x000000076ba80000,0x000000076bc00000)
 ParOldGen       total 260608K, used 29996K [0x00000006c1a00000, 0x00000006d1880000, 0x000000076b380000)
  object space 260608K, 11% used [0x00000006c1a00000,0x00000006c374b0a8,0x00000006d1880000)
 Metaspace       used 9137K, capacity 9268K, committed 9344K, reserved 1056768K
  class space    used 1063K, capacity 1113K, committed 1152K, reserved 1048576K
GC Heap History (10 events):
Event: 0.206 GC heap before
{Heap before GC invocations=4 (full 0):
 PSYoungGen      total 1536K, used 1520K [0x000000076b380000, 0x000000076b680000, 0x00000007c0000000)
  eden space 1024K, 100% used [0x000000076b380000,0x000000076b480000,0x000000076b480000)
  from space 512K, 96% used [0x000000076b480000,0x000000076b4fc010,0x000000076b500000)
  to   space 512K, 0% used [0x000000076b600000,0x000000076b600000,0x000000076b680000)
 ParOldGen       total 260608K, used 420K [0x00000006c1a00000, 0x00000006d1880000, 0x000000076b380000)
  object space 260608K, 0% used [0x00000006c1a00000,0x00000006c1a69040,0x00000006d1880000)
 Metaspace       used 6870K, capacity 6944K, committed 7040K, reserved 1056768K
  class space    used 837K, capacity 852K, committed 896K, reserved 1048576K
Event: 0.207 GC heap after
Heap after GC invocations=4 (full 0):
 PSYoungGen      total 2560K, used 480K [0x000000076b380000, 0x000000076b680000, 0x00000007c0000000)
  eden space 2048K, 0% used [0x000000076b380000,0x000000076b380000,0x000000076b580000)
  from space 512K, 93% used [0x000000076b600000,0x000000076b678020,0x000000076b680000)
  to   space 512K, 0% used [0x000000076b580000,0x000000076b580000,0x000000076b600000)
 ParOldGen       total 260608K, used 716K [0x00000006c1a00000, 0x00000006d1880000, 0x000000076b380000)
  object space 260608K, 0% used [0x00000006c1a00000,0x00000006c1ab3040,0x00000006d1880000)
 Metaspace       used 6870K, capacity 6944K, committed 7040K, reserved 1056768K
  class space    used 837K, capacity 852K, committed 896K, reserved 1048576K
}
Event: 0.278 GC heap before
{Heap before GC invocations=5 (full 0):
 PSYoungGen      total 2560K, used 2528K [0x000000076b380000, 0x000000076b680000, 0x00000007c0000000)
  eden space 2048K, 100% used [0x000000076b380000,0x000000076b580000,0x000000076b580000)
  from space 512K, 93% used [0x000000076b600000,0x000000076b678020,0x000000076b680000)
  to   space 512K, 0% used [0x000000076b580000,0x000000076b580000,0x000000076b600000)
 ParOldGen       total 260608K, used 716K [0x00000006c1a00000, 0x00000006d1880000, 0x000000076b380000)
  object space 260608K, 0% used [0x00000006c1a00000,0x00000006c1ab3040,0x00000006d1880000)
 Metaspace       used 8222K, capacity 8364K, committed 8576K, reserved 1056768K
  class space    used 1000K, capacity 1047K, committed 1152K, reserved 1048576K
Event: 0.279 GC heap after
Heap after GC invocations=5 (full 0):
 PSYoungGen      total 2560K, used 496K [0x000000076b380000, 0x000000076b980000, 0x00000007c0000000)
  eden space 2048K, 0% used [0x000000076b380000,0x000000076b380000,0x000000076b580000)
  from space 512K, 96% used [0x000000076b580000,0x000000076b5fc010,0x000000076b600000)
  to   space 1024K, 0% used [0x000000076b880000,0x000000076b880000,0x000000076b980000)
 ParOldGen       total 260608K, used 1008K [0x00000006c1a00000, 0x00000006d1880000, 0x000000076b380000)
  object space 260608K, 0% used [0x00000006c1a00000,0x00000006c1afc3c0,0x00000006d1880000)
 Metaspace       used 8222K, capacity 8364K, committed 8576K, reserved 1056768K
  class space    used 1000K, capacity 1047K, committed 1152K, reserved 1048576K
}
Event: 0.315 GC heap before
{Heap before GC invocations=6 (full 0):
 PSYoungGen      total 2560K, used 2544K [0x000000076b380000, 0x000000076b980000, 0x00000007c0000000)
  eden space 2048K, 100% used [0x000000076b380000,0x000000076b580000,0x000000076b580000)
  from space 512K, 96% used [0x000000076b580000,0x000000076b5fc010,0x000000076b600000)
  to   space 1024K, 0% used [0x000000076b880000,0x000000076b880000,0x000000076b980000)
 ParOldGen       total 260608K, used 1008K [0x00000006c1a00000, 0x00000006d1880000, 0x000000076b380000)
  object space 260608K, 0% used [0x00000006c1a00000,0x00000006c1afc3c0,0x00000006d1880000)
 Metaspace       used 8916K, capacity 9108K, committed 9344K, reserved 1056768K
  class space    used 1034K, capacity 1081K, committed 1152K, reserved 1048576K
Event: 0.316 GC heap after
Heap after GC invocations=6 (full 0):
 PSYoungGen      total 4608K, used 1008K [0x000000076b380000, 0x000000076ba80000, 0x00000007c0000000)
  eden space 3584K, 0% used [0x000000076b380000,0x000000076b380000,0x000000076b700000)
  from space 1024K, 98% used [0x000000076b880000,0x000000076b97c198,0x000000076b980000)
  to   space 1536K, 0% used [0x000000076b700000,0x000000076b700000,0x000000076b880000)
 ParOldGen       total 260608K, used 1138K [0x00000006c1a00000, 0x00000006d1880000, 0x000000076b380000)
  object space 260608K, 0% used [0x00000006c1a00000,0x00000006c1b1cbc8,0x00000006d1880000)
 Metaspace       used 8916K, capacity 9108K, committed 9344K, reserved 1056768K
  class space    used 1034K, capacity 1081K, committed 1152K, reserved 1048576K
}
Event: 0.357 GC heap before
{Heap before GC invocations=7 (full 0):
 PSYoungGen      total 4608K, used 4488K [0x000000076b380000, 0x000000076ba80000, 0x00000007c0000000)
  eden space 3584K, 97% used [0x000000076b380000,0x000000076b6e6110,0x000000076b700000)
  from space 1024K, 98% used [0x000000076b880000,0x000000076b97c198,0x000000076b980000)
  to   space 1536K, 0% used [0x000000076b700000,0x000000076b700000,0x000000076b880000)
 ParOldGen       total 260608K, used 19363K [0x00000006c1a00000, 0x00000006d1880000, 0x000000076b380000)
  object space 260608K, 7% used [0x00000006c1a00000,0x00000006c2ce8ff8,0x00000006d1880000)
 Metaspace       used 9133K, capacity 9268K, committed 9344K, reserved 1056768K
  class space    used 1063K, capacity 1113K, committed 1152K, reserved 1048576K
Event: 0.360 GC heap after
Heap after GC invocations=7 (full 0):
 PSYoungGen      total 5120K, used 784K [0x000000076b380000, 0x000000076bd80000, 0x00000007c0000000)
  eden space 3584K, 0% used [0x000000076b380000,0x000000076b380000,0x000000076b700000)
  from space 1536K, 51% used [0x000000076b700000,0x000000076b7c4010,0x000000076b880000)
  to   space 1536K, 0% used [0x000000076bc00000,0x000000076bc00000,0x000000076bd80000)
 ParOldGen       total 260608K, used 27664K [0x00000006c1a00000, 0x00000006d1880000, 0x000000076b380000)
  object space 260608K, 10% used [0x00000006c1a00000,0x00000006c3504058,0x00000006d1880000)
 Metaspace       used 9133K, capacity 9268K, committed 9344K, reserved 1056768K
  class space    used 1063K, capacity 1113K, committed 1152K, reserved 1048576K
}
Event: 0.360 GC heap before
{Heap before GC invocations=8 (full 0):
 PSYoungGen      total 5120K, used 3762K [0x000000076b380000, 0x000000076bd80000, 0x00000007c0000000)
  eden space 3584K, 83% used [0x000000076b380000,0x000000076b668830,0x000000076b700000)
  from space 1536K, 51% used [0x000000076b700000,0x000000076b7c4010,0x000000076b880000)
  to   space 1536K, 0% used [0x000000076bc00000,0x000000076bc00000,0x000000076bd80000)
 ParOldGen       total 260608K, used 27664K [0x00000006c1a00000, 0x00000006d1880000, 0x000000076b380000)
  object space 260608K, 10% used [0x00000006c1a00000,0x00000006c3504058,0x00000006d1880000)
 Metaspace       used 9133K, capacity 9268K, committed 9344K, reserved 1056768K
  class space    used 1063K, capacity 1113K, committed 1152K, reserved 1048576K
Event: 0.362 GC heap after
Heap after GC invocations=8 (full 0):
 PSYoungGen      total 8704K, used 1392K [0x000000076b380000, 0x000000076bd80000, 0x00000007c0000000)
  eden space 7168K, 0% used [0x000000076b380000,0x000000076b380000,0x000000076ba80000)
  from space 1536K, 90% used [0x000000076bc00000,0x000000076bd5c030,0x000000076bd80000)
  to   space 1536K, 0% used [0x000000076ba80000,0x000000076ba80000,0x000000076bc00000)
 ParOldGen       total 260608K, used 29996K [0x00000006c1a00000, 0x00000006d1880000, 0x000000076b380000)
  object space 260608K, 11% used [0x00000006c1a00000,0x00000006c374b0a8,0x00000006d1880000)
 Metaspace       used 9133K, capacity 9268K, committed 9344K, reserved 1056768K
  class space    used 1063K, capacity 1113K, committed 1152K, reserved 1048576K
}

